-------------------------------------------------------------------------------
Test set: org.owasp.webgoat.ChallengeTest
-------------------------------------------------------------------------------
Tests run: 2, Failures: 0, Errors: 2, Skipped: 0, Time elapsed: 0.05 s <<< FAILURE! - in org.owasp.webgoat.ChallengeTest
org.owasp.webgoat.ChallengeTest.testChallenge1  Time elapsed: 0.02 s  <<< ERROR!
java.net.ConnectException: Connection refused

org.owasp.webgoat.ChallengeTest.testChallenge5  Time elapsed: 0.027 s  <<< ERROR!
java.net.ConnectException: Connection refused

