-------------------------------------------------------------------------------
Test set: org.owasp.webgoat.GeneralLessonTest
-------------------------------------------------------------------------------
Tests run: 9, Failures: 0, Errors: 9, Skipped: 0, Time elapsed: 2.048 s <<< FAILURE! - in org.owasp.webgoat.GeneralLessonTest
org.owasp.webgoat.GeneralLessonTest.vulnerableComponents  Time elapsed: 1.797 s  <<< ERROR!
java.net.ConnectException: Connection refused

org.owasp.webgoat.GeneralLessonTest.chrome  Time elapsed: 0.033 s  <<< ERROR!
java.net.ConnectException: Connection refused

org.owasp.webgoat.GeneralLessonTest.cia  Time elapsed: 0.037 s  <<< ERROR!
java.net.ConnectException: Connection refused

org.owasp.webgoat.GeneralLessonTest.lessonTemplate  Time elapsed: 0.021 s  <<< ERROR!
java.net.ConnectException: Connection refused

org.owasp.webgoat.GeneralLessonTest.httpBasics  Time elapsed: 0.02 s  <<< ERROR!
java.net.ConnectException: Connection refused

org.owasp.webgoat.GeneralLessonTest.httpProxies  Time elapsed: 0.024 s  <<< ERROR!
java.net.ConnectException: Connection refused

org.owasp.webgoat.GeneralLessonTest.securePasswords  Time elapsed: 0.02 s  <<< ERROR!
java.net.ConnectException: Connection refused

org.owasp.webgoat.GeneralLessonTest.authByPass  Time elapsed: 0.044 s  <<< ERROR!
java.net.ConnectException: Connection refused

org.owasp.webgoat.GeneralLessonTest.insecureLogin  Time elapsed: 0.023 s  <<< ERROR!
java.net.ConnectException: Connection refused

