-------------------------------------------------------------------------------
Test set: org.owasp.webgoat.PathTraversalITTest
-------------------------------------------------------------------------------
Tests run: 1, Failures: 0, Errors: 1, Skipped: 0, Time elapsed: 0.067 s <<< FAILURE! - in org.owasp.webgoat.PathTraversalITTest
org.owasp.webgoat.PathTraversalITTest.testPathTraversal  Time elapsed: 0.067 s  <<< ERROR!
java.net.ConnectException: Connection refused

