-------------------------------------------------------------------------------
Test set: org.owasp.webgoat.ProgressRaceConditionTest
-------------------------------------------------------------------------------
Tests run: 1, Failures: 0, Errors: 1, Skipped: 0, Time elapsed: 0.043 s <<< FAILURE! - in org.owasp.webgoat.ProgressRaceConditionTest
org.owasp.webgoat.ProgressRaceConditionTest.runTests  Time elapsed: 0.029 s  <<< ERROR!
java.net.ConnectException: Connection refused

