-------------------------------------------------------------------------------
Test set: org.owasp.webgoat.DeserializationTest
-------------------------------------------------------------------------------
Tests run: 1, Failures: 0, Errors: 1, Skipped: 0, Time elapsed: 4.69 s <<< FAILURE! - in org.owasp.webgoat.DeserializationTest
org.owasp.webgoat.DeserializationTest  Time elapsed: 4.69 s  <<< ERROR!
org.springframework.beans.factory.BeanCreationException: 
Error creating bean with name 'flyWayContainer' defined in class path resource [org/owasp/webgoat/DatabaseConfiguration.class]: Invocation of init method failed; nested exception is org.flywaydb.core.internal.exception.FlywaySqlException: Unable to obtain connection from database: connection exception: connection failure: org.hsqldb.HsqlException: connection exception
-----------------------------------------------------------------------------------------------------------------------------------
SQL State  : 08006
Error Code : -1305
Message    : connection exception: connection failure: org.hsqldb.HsqlException: connection exception

Caused by: org.flywaydb.core.internal.exception.FlywaySqlException: 
Unable to obtain connection from database: connection exception: connection failure: org.hsqldb.HsqlException: connection exception
-----------------------------------------------------------------------------------------------------------------------------------
SQL State  : 08006
Error Code : -1305
Message    : connection exception: connection failure: org.hsqldb.HsqlException: connection exception

Caused by: java.sql.SQLTransientConnectionException: connection exception: connection failure: org.hsqldb.HsqlException: connection exception
Caused by: org.hsqldb.HsqlException: connection exception: connection failure: org.hsqldb.HsqlException: connection exception

