<?xml version="1.0" encoding="UTF-8"?>
<testsuite xmlns:xsi="http://www.w3.org/2001/XMLSchema-instance" xsi:noNamespaceSchemaLocation="https://maven.apache.org/surefire/maven-surefire-plugin/xsd/surefire-test-report-3.0.xsd" version="3.0" name="org.owasp.webgoat.SSRFTest" time="0.064" tests="1" errors="1" skipped="0" failures="0">
  <properties>
[...]
</properties>
  <testcase name="runTests" classname="org.owasp.webgoat.SSRFTest" time="0.06">
    <error type="java.net.ConnectException"><![CDATA[java.net.ConnectException: Connection refused
]]></error>
  </testcase>
</testsuite>